<?xml version="1.0" encoding="UTF-8"?>
<!-- Generated by org.testng.reporters.JUnitReportReporter -->
<testsuite hostname="LAPTOP-FACC1M3K" failures="0" tests="1" name="Base.demo" time="0.007" errors="0" timestamp="2022-01-14T08:37:18 IST" skipped="0">
  <testcase classname="Base.demo" name="TC2" time="0.007"/>
  <system-out/>
</testsuite> <!-- Base.demo -->
